<?xml version="1.0" encoding="UTF-8"?>
<!-- Generated by org.testng.reporters.JUnitReportReporter -->
<testsuite skipped="0" hostname="LAPTOP-9UO3FB82" name="Test.LoginTest" tests="1" failures="0" timestamp="13 Jun 2021 17:20:07 GMT" time="4.328" errors="0">
  <testcase name="validUserShouldableToLoging" time="4.328" classname="Test.LoginTest"/>
</testsuite> <!-- Test.LoginTest -->
