<?xml version="1.0" encoding="UTF-8"?>
<!-- Generated by org.testng.reporters.JUnitReportReporter -->
<testsuite skipped="0" hostname="LAPTOP-9UO3FB82" name="Util.Browserfactory" tests="1" failures="0" timestamp="06 Jun 2021 14:19:17 GMT" time="0.008" errors="0">
  <testcase name="readConfig" time="0.008" classname="Util.Browserfactory"/>
</testsuite> <!-- Util.Browserfactory -->
